[15:17:17.736] |T| [write_file]: sceIoWrite: Writing to fd: 0x6, size: 48
[15:17:17.736] |I| [export_sceClibPrintf]: 01:47:42.329[DEBUG] Showing brls::Box (id="player/container")

[15:17:17.736] |T| [write_file]: sceIoWrite: Writing to fd: 0x6, size: 63
Unhandled SIGSEGV at rip 0x00007bc454988b86
[15:17:17.739] |I| [export_sceClibPrintf]: 01:47:42.332[DEBUG] Removing an inputs block token (tokens=0)

[15:17:17.739] |T| [write_file]: sceIoWrite: Writing to fd: 0x6, size: 63
[15:17:18.461] |I| [export_sceClibPrintf]: 01:47:43.054[INFO] PlayerActivity: Performing deferred MPV init (phase 1: create context)...

[15:17:18.461] |T| [write_file]: sceIoWrite: Writing to fd: 0x6, size: 94
[15:17:18.461] |I| [export_sceClibPrintf]: 01:47:43.054[DEBUG] MpvPlayer: Initializing libmpv...

[15:17:18.461] |T| [write_file]: sceIoWrite: Writing to fd: 0x6, size: 55
[15:17:18.505] |I| [export_sceClibPrintf]: 01:47:43.098[DEBUG] MpvPlayer: mpv context created

[15:17:18.505] |T| [write_file]: sceIoWrite: Writing to fd: 0x6, size: 52
[15:17:18.506] |E| [operator()]: _sceKernelWaitSema returned SCE_KERNEL_ERROR_WAIT_TIMEOUT (0x80028005)
[15:17:18.513] |I| [export_sceClibPrintf]: 01:47:43.106[INFO] MpvPlayer: Initializing in video mode

[15:17:18.513] |T| [write_file]: sceIoWrite: Writing to fd: 0x6, size: 58
[15:17:18.516] |I| [export_sceClibPrintf]: 01:47:43.110[DEBUG] MpvPlayer: Calling mpv_initialize...

[15:17:18.516] |T| [write_file]: sceIoWrite: Writing to fd: 0x6, size: 58
[15:17:18.537] |I| [export_sceClibPrintf]: 01:47:43.130[DEBUG] MpvPlayer: mpv_initialize succeeded

[15:17:18.537] |T| [write_file]: sceIoWrite: Writing to fd: 0x6, size: 57
[15:17:18.537] |I| [export_sceClibPrintf]: 01:47:43.130[INFO] MpvPlayer: Creating GXM render context...

[15:17:18.537] |T| [write_file]: sceIoWrite: Writing to fd: 0x6, size: 62
[15:17:18.537] |I| [export_sceClibPrintf]: 01:47:43.130[INFO] MpvPlayer: GXM context acquired, setting up render params...

[15:17:18.537] |T| [write_file]: sceIoWrite: Writing to fd: 0x6, size: 81
[15:17:18.538] |I| [export_sceClibPrintf]: 01:47:43.131[INFO] MpvPlayer: Setting up MPV render params with API type: gxm

[15:17:18.538] |T| [write_file]: sceIoWrite: Writing to fd: 0x6, size: 79
[15:17:18.545] |I| [export_sceClibPrintf]: 01:47:43.138[INFO] MpvPlayer: Calling mpv_render_context_create...

[15:17:18.545] |T| [write_file]: sceIoWrite: Writing to fd: 0x6, size: 68
[15:17:18.567] |I| [export_sceClibPrintf]: 01:47:43.160[INFO] MpvPlayer: GXM render context created successfully!

[15:17:18.567] |T| [write_file]: sceIoWrite: Writing to fd: 0x6, size: 72
[15:17:18.594] |I| [export_sceClibPrintf]: 01:47:43.187[INFO] MpvPlayer: GXM render context created successfully (960x544)

[15:17:18.594] |T| [write_file]: sceIoWrite: Writing to fd: 0x6, size: 81
[15:17:18.596] |I| [export_sceClibPrintf]: 01:47:43.189[INFO] MpvPlayer: Initialized successfully

[15:17:18.596] |T| [write_file]: sceIoWrite: Writing to fd: 0x6, size: 56
[15:17:18.598] |I| [export_sceClibPrintf]: 01:47:43.191[INFO] PlayerActivity: Deferred MPV load (phase 2: loadUrl)...

[15:17:18.598] |T| [write_file]: sceIoWrite: Writing to fd: 0x6, size: 76
[15:17:18.628] |I| [export_sceClibPrintf]: 01:47:43.221[INFO] MpvPlayer: Loading URL: https://192-168-1-28.09c113df05c24c7ea99633ad3deae42f.plex.direct:32400/video/:/transcode/universal/start.m3u8?path=%2Flibrary%2Fmetadata%2F16681&mediaIndex=0&partIndex=0&directPlay=0&directStream=1&directStreamAudio=1&hasMDE=1&location=lan&audioBoost=100&audioChannelCount=2&protocol=hls&videoBitrate=2000&videoResolution=960x544&videoQuality=100&subtitles=auto&offset=116.0&session=1772396237&X-Plex-Token=Vm7_CSxwxhVhjs-8TDNk&X-Plex-Client-Identifier=VitaPlex&X-Plex-Product=VitaPlex&X-Plex-Version=1.0.0&X-Plex-Platform=PlayStation%20Vita&X-Plex-Device=PS%20Vita&X-Plex-Device-Name=PS%20Vita&X-Plex-Client-Profile-Name=Generic&X-Plex-Client-Profile-Extra=add-transcode-target%28type%3DvideoProfile%26context%3Dstreaming%26protocol%3Dhls%26container%3Dmpegts%26videoCodec%3Dh264%26audioCodec%3Daac%26subtitleCodec%3Dsrt%29%2Badd-limitation%28scope%3DvideoCodec%26scopeName%3Dh264%26type%3DupperBound%26name%3Dvideo.level%26value%3D40%29%2Badd-limitation%28scope%3Dvi
[15:17:18.628] |T| [write_file]: sceIoWrite: Writing to fd: 0x6, size: 1024
[15:17:18.628] |T| [write_file]: sceIoWrite: Writing to fd: 0x6, size: 192
[15:17:18.628] |I| [export_sceClibPrintf]: 01:47:43.222[DEBUG] MpvPlayer: Sending loadfile command...

[15:17:18.628] |T| [write_file]: sceIoWrite: Writing to fd: 0x6, size: 60
[15:17:18.645] |I| [export_sceClibPrintf]: 01:47:43.238[DEBUG] MpvPlayer: loadfile command queued successfully (result=0)

[15:17:18.645] |T| [write_file]: sceIoWrite: Writing to fd: 0x6, size: 80
[15:17:18.645] |I| [export_sceClibPrintf]: 01:47:43.238[DEBUG] MpvPlayer: About to call setState(LOADING)...

[15:17:18.645] |T| [write_file]: sceIoWrite: Writing to fd: 0x6, size: 67
[15:17:18.646] |I| [export_sceClibPrintf]: 01:47:43.239[DEBUG] MpvPlayer::setState entered with newState=1

[15:17:18.646] |T| [write_file]: sceIoWrite: Writing to fd: 0x6, size: 65
[15:17:18.646] |I| [export_sceClibPrintf]: 01:47:43.239[DEBUG] MpvPlayer: State change: 0 -> 1

[15:17:18.646] |T| [write_file]: sceIoWrite: Writing to fd: 0x6, size: 53
[15:17:18.646] |I| [export_sceClibPrintf]: 01:47:43.240[DEBUG] MpvPlayer::setState assignment done

[15:17:18.646] |T| [write_file]: sceIoWrite: Writing to fd: 0x6, size: 57
[15:17:18.646] |I| [export_sceClibPrintf]: 01:47:43.240[DEBUG] MpvPlayer::setState exiting

[15:17:18.646] |T| [write_file]: sceIoWrite: Writing to fd: 0x6, size: 49
[15:17:18.647] |I| [export_sceClibPrintf]: 01:47:43.240[DEBUG] MpvPlayer: setState done, about to return true

[15:17:18.647] |T| [write_file]: sceIoWrite: Writing to fd: 0x6, size: 68
[15:17:18.648] |I| [export_sceClibPrintf]: 01:47:43.241[DEBUG] Video view enabled (deferred)

[15:17:18.648] |T| [write_file]: sceIoWrite: Writing to fd: 0x6, size: 51
[15:17:18.648] |I| [export_sceClibPrintf]: 01:47:43.241[INFO] PlayerActivity: Deferred load started successfully

[15:17:18.648] |T| [write_file]: sceIoWrite: Writing to fd: 0x6, size: 71
[15:17:19.477] |I| [export_sceClibPrintf]: 01:47:44.071[DEBUG] MpvPlayer: EVENT_IDLE

[15:17:19.477] |T| [write_file]: sceIoWrite: Writing to fd: 0x6, size: 43
[15:17:19.477] |I| [export_sceClibPrintf]: 01:47:44.071[DEBUG] MpvPlayer::setState entered with newState=0

[15:17:19.477] |T| [write_file]: sceIoWrite: Writing to fd: 0x6, size: 65
[15:17:19.478] |I| [export_sceClibPrintf]: 01:47:44.071[DEBUG] MpvPlayer: State change: 1 -> 0

[15:17:19.478] |T| [write_file]: sceIoWrite: Writing to fd: 0x6, size: 53
[15:17:19.478] |I| [export_sceClibPrintf]: 01:47:44.071[DEBUG] MpvPlayer::setState assignment done

[15:17:19.478] |T| [write_file]: sceIoWrite: Writing to fd: 0x6, size: 57
[15:17:19.478] |I| [export_sceClibPrintf]: 01:47:44.071[DEBUG] MpvPlayer::setState exiting

[15:17:19.478] |T| [write_file]: sceIoWrite: Writing to fd: 0x6, size: 49
[15:17:19.478] |I| [export_sceClibPrintf]: 01:47:44.071[DEBUG] MpvPlayer: EVENT_COMMAND_REPLY id=1 error=0

[15:17:19.478] |T| [write_file]: sceIoWrite: Writing to fd: 0x6, size: 65
[15:17:19.479] |I| [export_sceClibPrintf]: 01:47:44.072[DEBUG] MpvPlayer: EVENT_START_FILE

[15:17:19.479] |T| [write_file]: sceIoWrite: Writing to fd: 0x6, size: 49
[15:17:19.479] |I| [export_sceClibPrintf]: 01:47:44.072[DEBUG] MpvPlayer::setState entered with newState=1

[15:17:19.479] |T| [write_file]: sceIoWrite: Writing to fd: 0x6, size: 65
[15:17:19.479] |I| [export_sceClibPrintf]: 01:47:44.072[DEBUG] MpvPlayer: State change: 0 -> 1

[15:17:19.479] |T| [write_file]: sceIoWrite: Writing to fd: 0x6, size: 53
[15:17:19.479] |I| [export_sceClibPrintf]: 01:47:44.072[DEBUG] MpvPlayer::setState assignment done

[15:17:19.479] |T| [write_file]: sceIoWrite: Writing to fd: 0x6, size: 57
[15:17:19.479] |I| [export_sceClibPrintf]: 01:47:44.072[DEBUG] MpvPlayer::setState exiting

[15:17:19.479] |T| [write_file]: sceIoWrite: Writing to fd: 0x6, size: 49
[15:17:19.479] |I| [export_sceClibPrintf]: 01:47:44.073[DEBUG] MpvPlayer: core-idle = true

[15:17:19.479] |T| [write_file]: sceIoWrite: Writing to fd: 0x6, size: 49
[15:17:22.509] |I| [export_sceClibPrintf]: 01:47:47.102[INFO] MpvPlayer: EVENT_FILE_LOADED

[15:17:22.509] |T| [write_file]: sceIoWrite: Writing to fd: 0x6, size: 49
[15:17:22.509] |I| [export_sceClibPrintf]: 01:47:47.102[INFO] MpvPlayer: Enabling render callback

[15:17:22.509] |T| [write_file]: sceIoWrite: Writing to fd: 0x6, size: 56
[15:17:22.542] |I| [export_sceClibPrintf]: 01:47:47.135[INFO] MpvPlayer: Render callback enabled

[15:17:22.542] |T| [write_file]: sceIoWrite: Writing to fd: 0x6, size: 55
[15:17:22.542] |I| [export_sceClibPrintf]: 01:47:47.135[DEBUG] MpvPlayer: EVENT_PLAYBACK_RESTART

[15:17:22.542] |T| [write_file]: sceIoWrite: Writing to fd: 0x6, size: 55
[15:17:22.543] |I| [export_sceClibPrintf]: 01:47:47.137[DEBUG] MpvPlayer::setState entered with newState=2

[15:17:22.543] |T| [write_file]: sceIoWrite: Writing to fd: 0x6, size: 65
[15:17:22.544] |I| [export_sceClibPrintf]: 01:47:47.137[DEBUG] MpvPlayer: State change: 1 -> 2

[15:17:22.544] |T| [write_file]: sceIoWrite: Writing to fd: 0x6, size: 53
[15:17:22.544] |I| [export_sceClibPrintf]: 01:47:47.137[DEBUG] MpvPlayer::setState assignment done

[15:17:22.544] |T| [write_file]: sceIoWrite: Writing to fd: 0x6, size: 57
[15:17:22.544] |I| [export_sceClibPrintf]: 01:47:47.137[DEBUG] MpvPlayer::setState exiting

[15:17:22.544] |T| [write_file]: sceIoWrite: Writing to fd: 0x6, size: 49
[15:17:22.544] |I| [export_sceClibPrintf]: 01:47:47.137[DEBUG] MpvPlayer: core-idle = false

[15:17:22.544] |T| [write_file]: sceIoWrite: Writing to fd: 0x6, size: 50
[15:17:22.555] |I| [export_sceClibPrintf]: 01:47:47.142[INFO] MpvPlayer: Video 960x540 @ 23.98fps codec=h264 (H.264 / AVC / MPEG-4 AVC / MPEG-4 part 10)

[15:17:22.555] |T| [write_file]: sceIoWrite: Writing to fd: 0x6, size: 111
[15:17:22.558] |I| [export_sceClibPrintf]: 01:47:47.151[INFO] MpvPlayer: Audio 2ch @ 48000Hz codec=aac (AAC (Advanced Audio Coding))

[15:17:22.558] |T| [write_file]: sceIoWrite: Writing to fd: 0x6, size: 91
[15:17:22.647] |W| [ExceptionRaised]: Undefined instruction at address 0x807FE808, instruction 0xBF00DEFF (udf #0xff)
[15:17:22.647] |E| [InterpreterFallback]: Unimplemented instruction at address 0x807FE808:
PC: 0x807fe80a,   SP: 0x81348500,   LR: 0x807fe7dd
r0 : 0x00000001   r6 : 0x81019388
r1 : 0x00000001   r7 : 0x80900dd0
r2 : 0x00000006   r8 : 0x80900830
r3 : 0xffffffff   r9 : 0x846e9114
r4 : 0x00000006   r10: 0x813485dc
r5 : 0x00000001   r11: 0x846e9058
r12: 0x0000201a
Thumb: true

[15:17:22.647] |E| [MemoryWrite]: Invalid write of uint32_t at addr: 0x1, val = 0x58
PC: 0x807fe80a,   SP: 0x81348500,   LR: 0x807fe7dd
r0 : 0x00000001   r6 : 0x81019388
r1 : 0x00000001   r7 : 0x80900dd0
r2 : 0x00000006   r8 : 0x80900830
r3 : 0x00000058   r9 : 0x846e9114
r4 : 0x00000006   r10: 0x813485dc
r5 : 0x00000001   r11: 0x846e9058
r12: 0x0000201a
Thumb: true

[15:17:22.647] |E| [MemoryWrite]: Executing: nop 
[15:17:22.647] |T| [close_file]: sceIoClose: Closing file fd: 0x3
[15:17:22.648] |E| [MemoryRead]: Invalid read of uint32_t at address: 0x850f5d98
PC: 0x8032238a,   SP: 0x81bdefb0,   LR: 0x807f19cf
r0 : 0x7a120000   r6 : 0x00d874ed
r1 : 0x00000000   r7 : 0x00000001
r2 : 0x00000000   r8 : 0x850f5d98
r3 : 0x00989680   r9 : 0x850f5f80
r4 : 0x850f5a80   r10: 0x00000000
r5 : 0x00000000   r11: 0x3d090000
r12: 0x000f4240
Thumb: true

[15:17:22.648] |E| [MemoryRead]: Executing: mov r6, r0
[15:17:22.648] |E| [MemoryRead]: Invalid read of uint32_t at address: 0x850f5dc8
PC: 0x80322348,   SP: 0x81bdefb0,   LR: 0x8032235f
r0 : 0x850f5d98   r6 : 0x00d874ed
r1 : 0x81bdefbc   r7 : 0x00000001
r2 : 0x00000400   r8 : 0x850f5d98
r3 : 0x00000000   r9 : 0x850f5f80
r4 : 0x850f5a80   r10: 0x00000000
r5 : 0x80000000   r11: 0x3d090000
r12: 0x000f4240
Thumb: true

[15:17:22.648] |E| [MemoryRead]: Executing: adds r0, r0, r6
[15:17:22.648] |E| [MemoryRead]: Invalid read of uint32_t at address: 0x850f5e10
PC: 0x80322348,   SP: 0x81bdef90,   LR: 0x8032235f
r0 : 0x850f5d98   r6 : 0x00d874ed
r1 : 0x81bdefbc   r7 : 0x00000001
r2 : 0x00000400   r8 : 0x850f5d98
r3 : 0x00000000   r9 : 0x850f5f80
r4 : 0x850f5a80   r10: 0x00000000
r5 : 0x80000000   r11: 0x3d090000
r12: 0x000f4240
Thumb: true

[15:17:22.648] |E| [MemoryRead]: Executing: adds r0, r0, r6
[15:17:22.648] |E| [MemoryRead]: Invalid read of uint32_t at address: 0x28
PC: 0x80322348,   SP: 0x81bdef90,   LR: 0x8032235f
r0 : 0x850f5d98   r6 : 0x00d874ed
r1 : 0x81bdefbc   r7 : 0x00000000
r2 : 0x00000400   r8 : 0x850f5d98
r3 : 0x00000000   r9 : 0x850f5f80
r4 : 0x850f5a80   r10: 0x00000000
r5 : 0x80000000   r11: 0x3d090000
r12: 0x000f4240
Thumb: true

[15:17:22.648] |E| [MemoryRead]: Executing: adds r0, r0, r6
[15:17:22.648] |E| [MemoryRead]: Invalid read of uint32_t at address: 0x0
PC: 0x80322348,   SP: 0x81bdef78,   LR: 0x802c4fcd
r0 : 0x00000000   r6 : 0x00000400
r1 : 0x81bdefbc   r7 : 0x00000000
r2 : 0x00000400   r8 : 0x00000000
r3 : 0x00000000   r9 : 0x850f5f80
r4 : 0x850f5d98   r10: 0x00000000
r5 : 0x81bdefbc   r11: 0x3d090000
r12: 0x000f4240
Thumb: true

[15:17:22.648] |E| [MemoryRead]: Executing: adds r0, r0, r6
[15:17:22.648] |E| [MemoryRead]: Invalid read of uint32_t at address: 0x850f5e10
PC: 0x802c4fcc,   SP: 0x81bdef90,   LR: 0x802c4fdf
r0 : 0x850f5d98   r6 : 0x00000400
r1 : 0x81bdefbc   r7 : 0x00000000
r2 : 0x00000400   r8 : 0x00000000
r3 : 0x81bdef97   r9 : 0x850f5f80
r4 : 0x850f5d98   r10: 0x00000000
r5 : 0x81bdefbc   r11: 0x3d090000
r12: 0x000f4240
Thumb: true

[15:17:22.648] |E| [MemoryRead]: Executing: add.w r3, sp, #7
[15:17:22.648] |E| [MemoryRead]: Invalid read of uint8_t at address: 0x25
PC: 0x802c4fcc,   SP: 0x81bdef58,   LR: 0x802c4fdf
r0 : 0x850f5d98   r6 : 0x00000400
r1 : 0x81bdefbc   r7 : 0x00000000
r2 : 0x00000400   r8 : 0x00000000
r3 : 0x81bdef97   r9 : 0x850f5f80
r4 : 0x850f5d98   r10: 0x00000400
r5 : 0x850f5d98   r11: 0x3d090000
r12: 0x000f4240
Thumb: true

[15:17:22.648] |E| [MemoryRead]: Executing: add.w r3, sp, #7
[15:17:22.648] |E| [MemoryRead]: Invalid read of uint32_t at address: 0x850f5dbc
PC: 0x802c4fcc,   SP: 0x81bdef58,   LR: 0x802c4fdf
r0 : 0x850f5d98   r6 : 0x00000400
r1 : 0x81bdefbc   r7 : 0x00000000
r2 : 0x00000400   r8 : 0x00000000
r3 : 0x81bdefbc   r9 : 0x850f5f80
r4 : 0x850f5d98   r10: 0x00000400
r5 : 0x850f5d98   r11: 0x3d090000
r12: 0x000f4240
Thumb: true

[15:17:22.648] |E| [MemoryRead]: Executing: add.w r3, sp, #7
[15:17:22.648] |E| [MemoryRead]: Invalid read of uint32_t at address: 0x850f5db0
PC: 0x802c4fcc,   SP: 0x81bdeef0,   LR: 0x802c4ad3
r0 : 0x850f5d98   r6 : 0x00000000
r1 : 0x81bdefbc   r7 : 0x00000000
r2 : 0x00000000   r8 : 0x81bdefbc
r3 : 0x00000000   r9 : 0x850f5f80
r4 : 0x850f5d98   r10: 0x00000400
r5 : 0x850f5d98   r11: 0x3d090000
r12: 0x000f4240
Thumb: true

[15:17:22.648] |E| [MemoryRead]: Executing: add.w r3, sp, #7
[15:17:22.648] |E| [MemoryRead]: Invalid read of uint8_t at address: 0x850f5d9c
PC: 0x802c2874,   SP: 0x81bdeef0,   LR: 0x802c2875
r0 : 0x00000000   r6 : 0x00000000
r1 : 0x81bdefbc   r7 : 0x00000000
r2 : 0x00000000   r8 : 0x81bdefbc
r3 : 0x00000000   r9 : 0x00000001
r4 : 0x850f5d98   r10: 0x00000400
r5 : 0x850f5d98   r11: 0x3d090000
r12: 0x000f4240
Thumb: true

[15:17:22.648] |E| [MemoryRead]: Executing: cmp r0, #0
[15:17:22.648] |E| [MemoryRead]: Invalid read of uint32_t at address: 0x850f5e00
PC: 0x802c2874,   SP: 0x81bdeef0,   LR: 0x802c2875
r0 : 0x00000000   r6 : 0x00000000
r1 : 0x81bdefbc   r7 : 0x00000000
r2 : 0x00000000   r8 : 0x81bdefbc
r3 : 0x00000000   r9 : 0x850f6f80
r4 : 0x850f5d98   r10: 0x00000001
r5 : 0x850f5d98   r11: 0x3d090000
r12: 0x000f4240
Thumb: true

[15:17:22.648] |E| [MemoryRead]: Executing: cmp r0, #0
[15:17:22.648] |E| [MemoryRead]: Invalid read of uint32_t at address: 0x850f5db0
PC: 0x802c28ca,   SP: 0x81bdeef0,   LR: 0x802c28c3
r0 : 0x00000000   r6 : 0x00000000
r1 : 0x81bdefbc   r7 : 0x00000000
r2 : 0x00000000   r8 : 0x81bdefbc
r3 : 0x850f5d98   r9 : 0x850f6f80
r4 : 0x00000000   r10: 0x00000001
r5 : 0x850f5d98   r11: 0x3d090000
r12: 0x000f4240
Thumb: true

[15:17:22.648] |E| [MemoryRead]: Executing: ldr r3, [sp, #8]
[15:17:22.648] |E| [MemoryRead]: Invalid read of uint8_t at address: 0x25
PC: 0x802c4fde,   SP: 0x81bdef90,   LR: 0x802c28d3
r0 : 0x00000000   r6 : 0x00000400
r1 : 0x81bdefbc   r7 : 0x00000000
r2 : 0x00000000   r8 : 0x00000000
r3 : 0x850f5d98   r9 : 0x850f5f80
r4 : 0x850f5d98   r10: 0x00000000
r5 : 0x00000000   r11: 0x3d090000
r12: 0x000f4240
Thumb: true

[15:17:22.649] |E| [MemoryRead]: Executing: subs r5, r0, #0
[15:17:22.649] |E| [MemoryRead]: Invalid read of uint32_t at address: 0x0
PC: 0x802c4fde,   SP: 0x81bdef80,   LR: 0x802c5011
r0 : 0x00000000   r6 : 0x00000400
r1 : 0x81bdefbc   r7 : 0x00000000
r2 : 0x00000000   r8 : 0x00000000
r3 : 0x00000000   r9 : 0x850f5f80
r4 : 0x850f5d98   r10: 0x00000000
r5 : 0x00000000   r11: 0x3d090000
r12: 0x000f4240
Thumb: true

[15:17:22.649] |E| [MemoryRead]: Executing: subs r5, r0, #0
[15:17:22.649] |E| [MemoryRead]: Invalid read of uint32_t at address: 0xc
PC: 0x802c4fde,   SP: 0x81bdef80,   LR: 0x802c5011
r0 : 0x00000000   r6 : 0x00000400
r1 : 0x81bdefbc   r7 : 0x00000000
r2 : 0x00000000   r8 : 0x00000000
r3 : 0x00000004   r9 : 0x850f5f80
r4 : 0x00000000   r10: 0x00000000
r5 : 0x00000000   r11: 0x3d090000
r12: 0x000f4240
Thumb: true

[15:17:22.649] |E| [MemoryRead]: Executing: subs r5, r0, #0
[15:17:22.649] |E| [MemoryRead]: Invalid read of uint32_t at address: 0x4
PC: 0x802c4fde,   SP: 0x81bdef80,   LR: 0x807edcd3
r0 : 0x00000004   r6 : 0x00000400
r1 : 0x00000000   r7 : 0x00000000
r2 : 0x00000000   r8 : 0x00000000
r3 : 0x00000004   r9 : 0x850f5f80
r4 : 0x00000000   r10: 0x00000000
r5 : 0x00000000   r11: 0x3d090000
r12: 0x000f4240
Thumb: true

[15:17:22.649] |E| [MemoryRead]: Executing: subs r5, r0, #0
[15:17:22.649] |E| [MemoryWriteExclusive]: Invalid exclusive write of uint32_t at addr: 0x4, val = 0x0, expected = 0x0
PC: 0x802c4fde,   SP: 0x81bdef80,   LR: 0x807edcd3
r0 : 0x00000000   r6 : 0x00000400
r1 : 0x00000000   r7 : 0x00000000
r2 : 0x00000000   r8 : 0x00000000
r3 : 0x00000004   r9 : 0x850f5f80
r4 : 0x00000000   r10: 0x00000000
r5 : 0x00000000   r11: 0x3d090000
r12: 0x000f4240
Thumb: true

[15:17:22.649] |E| [MemoryWriteExclusive]: Executing: subs r5, r0, #0
[15:17:22.649] |E| [MemoryRead]: Invalid read of uint32_t at address: 0x4
PC: 0x807f0c72,   SP: 0x81bdef80,   LR: 0x807edcd3
r0 : 0x00000000   r6 : 0x00000400
r1 : 0x00000000   r7 : 0x00000000
r2 : 0x00000001   r8 : 0x00000000
r3 : 0x00000004   r9 : 0x850f5f80
r4 : 0x00000000   r10: 0x00000000
r5 : 0x00000000   r11: 0x3d090000
r12: 0x000f4240
Thumb: true

[15:17:22.649] |E| [MemoryRead]: Executing: ldrex r0, [r3]
[15:17:22.649] |E| [MemoryWriteExclusive]: Invalid exclusive write of uint32_t at addr: 0x4, val = 0x0, expected = 0x0
PC: 0x807f0c72,   SP: 0x81bdef80,   LR: 0x807edcd3
r0 : 0x00000000   r6 : 0x00000400
r1 : 0x00000000   r7 : 0x00000000
r2 : 0x00000001   r8 : 0x00000000
r3 : 0x00000004   r9 : 0x850f5f80
r4 : 0x00000000   r10: 0x00000000
r5 : 0x00000000   r11: 0x3d090000
r12: 0x000f4240
Thumb: true

[15:17:22.649] |E| [MemoryWriteExclusive]: Executing: ldrex r0, [r3]
[15:17:22.649] |E| [MemoryRead]: Invalid read of uint32_t at address: 0x4
PC: 0x807f0c72,   SP: 0x81bdef80,   LR: 0x807edcd3
r0 : 0x00000000   r6 : 0x00000400
r1 : 0x00000000   r7 : 0x00000000
r2 : 0x00000001   r8 : 0x00000000
r3 : 0x00000004   r9 : 0x850f5f80
r4 : 0x00000000   r10: 0x00000000
r5 : 0x00000000   r11: 0x3d090000
r12: 0x000f4240
Thumb: true

[15:17:22.649] |E| [MemoryRead]: Executing: ldrex r0, [r3]
[15:17:22.649] |E| [MemoryWriteExclusive]: Invalid exclusive write of uint32_t at addr: 0x4, val = 0x0, expected = 0x0
PC: 0x807f0c72,   SP: 0x81bdef80,   LR: 0x807edcd3
r0 : 0x00000000   r6 : 0x00000400
r1 : 0x00000000   r7 : 0x00000000
r2 : 0x00000001   r8 : 0x00000000
r3 : 0x00000004   r9 : 0x850f5f80
r4 : 0x00000000   r10: 0x00000000
r5 : 0x00000000   r11: 0x3d090000
r12: 0x000f4240
Thumb: true

[15:17:22.649] |E| [MemoryWriteExclusive]: Executing: ldrex r0, [r3]
[15:17:22.649] |E| [MemoryRead]: Invalid read of uint32_t at address: 0x4
PC: 0x807f0c72,   SP: 0x81bdef80,   LR: 0x807edcd3
r0 : 0x00000000   r6 : 0x00000400
r1 : 0x00000000   r7 : 0x00000000
r2 : 0x00000001   r8 : 0x00000000
r3 : 0x00000004   r9 : 0x850f5f80
r4 : 0x00000000   r10: 0x00000000
r5 : 0x00000000   r11: 0x3d090000
r12: 0x000f4240
Thumb: true

[15:17:22.649] |E| [MemoryRead]: Executing: ldrex r0, [r3]
[15:17:22.649] |E| [MemoryWriteExclusive]: Invalid exclusive write of uint32_t at addr: 0x4, val = 0x0, expected = 0x0
PC: 0x807f0c72,   SP: 0x81bdef80,   LR: 0x807edcd3
r0 : 0x00000000   r6 : 0x00000400
r1 : 0x00000000   r7 : 0x00000000
r2 : 0x00000001   r8 : 0x00000000
r3 : 0x00000004   r9 : 0x850f5f80
r4 : 0x00000000   r10: 0x00000000
r5 : 0x00000000   r11: 0x3d090000
r12: 0x000f4240
Thumb: true

[15:17:22.649] |E| [MemoryWriteExclusive]: Executing: ldrex r0, [r3]
[15:17:22.649] |E| [MemoryRead]: Invalid read of uint32_t at address: 0x4
PC: 0x807f0c72,   SP: 0x81bdef80,   LR: 0x807edcd3
r0 : 0x00000000   r6 : 0x00000400
r1 : 0x00000000   r7 : 0x00000000
r2 : 0x00000001   r8 : 0x00000000
r3 : 0x00000004   r9 : 0x850f5f80
r4 : 0x00000000   r10: 0x00000000
r5 : 0x00000000   r11: 0x3d090000
r12: 0x000f4240
Thumb: true

[15:17:22.649] |E| [MemoryRead]: Executing: ldrex r0, [r3]
[15:17:22.649] |E| [MemoryWriteExclusive]: Invalid exclusive write of uint32_t at addr: 0x4, val = 0x0, expected = 0x0
PC: 0x807f0c72,   SP: 0x81bdef80,   LR: 0x807edcd3
r0 : 0x00000000   r6 : 0x00000400
r1 : 0x00000000   r7 : 0x00000000
r2 : 0x00000001   r8 : 0x00000000
r3 : 0x00000004   r9 : 0x850f5f80
r4 : 0x00000000   r10: 0x00000000
r5 : 0x00000000   r11: 0x3d090000
r12: 0x000f4240
Thumb: true

[15:17:22.649] |E| [MemoryWriteExclusive]: Executing: ldrex r0, [r3]
[15:17:22.649] |E| [MemoryRead]: Invalid read of uint32_t at address: 0x4
PC: 0x807f0c72,   SP: 0x81bdef80,   LR: 0x807edcd3
r0 : 0x00000000   r6 : 0x00000400
r1 : 0x00000000   r7 : 0x00000000
r2 : 0x00000001   r8 : 0x00000000
r3 : 0x00000004   r9 : 0x850f5f80
r4 : 0x00000000   r10: 0x00000000
r5 : 0x00000000   r11: 0x3d090000
r12: 0x000f4240
Thumb: true

[15:17:22.649] |E| [MemoryRead]: Executing: ldrex r0, [r3]
[15:17:22.649] |E| [MemoryWriteExclusive]: Invalid exclusive write of uint32_t at addr: 0x4, val = 0x0, expected = 0x0
PC: 0x807f0c72,   SP: 0x81bdef80,   LR: 0x807edcd3
r0 : 0x00000000   r6 : 0x00000400
r1 : 0x00000000   r7 : 0x00000000
r2 : 0x00000001   r8 : 0x00000000
r3 : 0x00000004   r9 : 0x850f5f80
r4 : 0x00000000   r10: 0x00000000
r5 : 0x00000000   r11: 0x3d090000
r12: 0x000f4240
Thumb: true

[15:17:22.649] |E| [MemoryWriteExclusive]: Executing: ldrex r0, [r3]
[15:17:22.649] |E| [MemoryRead]: Invalid read of uint32_t at address: 0x4
PC: 0x807f0c72,   SP: 0x81bdef80,   LR: 0x807edcd3
r0 : 0x00000000   r6 : 0x00000400
r1 : 0x00000000   r7 : 0x00000000
r2 : 0x00000001   r8 : 0x00000000
r3 : 0x00000004   r9 : 0x850f5f80
r4 : 0x00000000   r10: 0x00000000
r5 : 0x00000000   r11: 0x3d090000
r12: 0x000f4240
Thumb: true

[15:17:22.649] |E| [MemoryRead]: Executing: ldrex r0, [r3]
[15:17:22.649] |E| [MemoryWriteExclusive]: Invalid exclusive write of uint32_t at addr: 0x4, val = 0x0, expected = 0x0
PC: 0x807f0c72,   SP: 0x81bdef80,   LR: 0x807edcd3
r0 : 0x00000000   r6 : 0x00000400
r1 : 0x00000000   r7 : 0x00000000
r2 : 0x00000001   r8 : 0x00000000
r3 : 0x00000004   r9 : 0x850f5f80
r4 : 0x00000000   r10: 0x00000000
r5 : 0x00000000   r11: 0x3d090000
r12: 0x000f4240
Thumb: true

[15:17:22.649] |E| [MemoryWriteExclusive]: Executing: ldrex r0, [r3]
[15:17:22.649] |E| [MemoryRead]: Invalid read of uint32_t at address: 0x4
PC: 0x807f0c72,   SP: 0x81bdef80,   LR: 0x807edcd3
r0 : 0x00000000   r6 : 0x00000400
r1 : 0x00000000   r7 : 0x00000000
r2 : 0x00000001   r8 : 0x00000000
r3 : 0x00000004   r9 : 0x850f5f80
r4 : 0x00000000   r10: 0x00000000
r5 : 0x00000000   r11: 0x3d090000
r12: 0x000f4240
Thumb: true

[15:17:22.649] |E| [MemoryRead]: Executing: ldrex r0, [r3]
[15:17:22.649] |E| [MemoryWriteExclusive]: Invalid exclusive write of uint32_t at addr: 0x4, val = 0x0, expected = 0x0
PC: 0x807f0c72,   SP: 0x81bdef80,   LR: 0x807edcd3
r0 : 0x00000000   r6 : 0x00000400
r1 : 0x00000000   r7 : 0x00000000
r2 : 0x00000001   r8 : 0x00000000
r3 : 0x00000004   r9 : 0x850f5f80
r4 : 0x00000000   r10: 0x00000000
r5 : 0x00000000   r11: 0x3d090000
r12: 0x000f4240
Thumb: true

[15:17:22.649] |E| [MemoryWriteExclusive]: Executing: ldrex r0, [r3]
[15:17:22.649] |E| [MemoryRead]: Invalid read of uint32_t at address: 0x4
PC: 0x807f0c72,   SP: 0x81bdef80,   LR: 0x807edcd3
r0 : 0x00000000   r6 : 0x00000400
r1 : 0x00000000   r7 : 0x00000000
r2 : 0x00000001   r8 : 0x00000000
r3 : 0x00000004   r9 : 0x850f5f80
r4 : 0x00000000   r10: 0x00000000
r5 : 0x00000000   r11: 0x3d090000
r12: 0x000f4240
Thumb: true

[15:17:22.649] |E| [MemoryRead]: Executing: ldrex r0, [r3]
[15:17:22.649] |E| [MemoryWriteExclusive]: Invalid exclusive write of uint32_t at addr: 0x4, val = 0x0, expected = 0x0
PC: 0x807f0c72,   SP: 0x81bdef80,   LR: 0x807edcd3
r0 : 0x00000000   r6 : 0x00000400
r1 : 0x00000000   r7 : 0x00000000
r2 : 0x00000001   r8 : 0x00000000
r3 : 0x00000004   r9 : 0x850f5f80
r4 : 0x00000000   r10: 0x00000000
r5 : 0x00000000   r11: 0x3d090000
r12: 0x000f4240
Thumb: true

[15:17:22.649] |E| [MemoryWriteExclusive]: Executing: ldrex r0, [r3]
[15:17:22.649] |E| [MemoryRead]: Invalid read of uint32_t at address: 0x4
PC: 0x807f0c72,   SP: 0x81bdef80,   LR: 0x807edcd3
r0 : 0x00000000   r6 : 0x00000400
r1 : 0x00000000   r7 : 0x00000000
r2 : 0x00000001   r8 : 0x00000000
r3 : 0x00000004   r9 : 0x850f5f80
r4 : 0x00000000   r10: 0x00000000
r5 : 0x00000000   r11: 0x3d090000
r12: 0x000f4240
Thumb: true

[15:17:22.649] |E| [MemoryRead]: Executing: ldrex r0, [r3]
[15:17:22.649] |E| [MemoryWriteExclusive]: Invalid exclusive write of uint32_t at addr: 0x4, val = 0x0, expected = 0x0
PC: 0x807f0c72,   SP: 0x81bdef80,   LR: 0x807edcd3
r0 : 0x00000000   r6 : 0x00000400
r1 : 0x00000000   r7 : 0x00000000
r2 : 0x00000001   r8 : 0x00000000
r3 : 0x00000004   r9 : 0x850f5f80
r4 : 0x00000000   r10: 0x00000000
r5 : 0x00000000   r11: 0x3d090000
r12: 0x000f4240
Thumb: true

[15:17:22.649] |E| [MemoryWriteExclusive]: Executing: ldrex r0, [r3]
[15:17:22.649] |E| [MemoryRead]: Invalid read of uint32_t at address: 0x4
PC: 0x807f0c72,   SP: 0x81bdef80,   LR: 0x807edcd3
r0 : 0x00000000   r6 : 0x00000400
r1 : 0x00000000   r7 : 0x00000000
r2 : 0x00000001   r8 : 0x00000000
r3 : 0x00000004   r9 : 0x850f5f80
r4 : 0x00000000   r10: 0x00000000
r5 : 0x00000000   r11: 0x3d090000
r12: 0x000f4240
Thumb: true

[15:17:22.649] |E| [MemoryRead]: Executing: ldrex r0, [r3]
[15:17:22.649] |E| [MemoryWriteExclusive]: Invalid exclusive write of uint32_t at addr: 0x4, val = 0x0, expected = 0x0
PC: 0x807f0c72,   SP: 0x81bdef80,   LR: 0x807edcd3
r0 : 0x00000000   r6 : 0x00000400
r1 : 0x00000000   r7 : 0x00000000
r2 : 0x00000001   r8 : 0x00000000
r3 : 0x00000004   r9 : 0x850f5f80
r4 : 0x00000000   r10: 0x00000000
r5 : 0x00000000   r11: 0x3d090000
r12: 0x000f4240
Thumb: true

[15:17:22.649] |E| [MemoryWriteExclusive]: Executing: ldrex r0, [r3]
[15:17:22.649] |E| [MemoryRead]: Invalid read of uint32_t at address: 0x4
PC: 0x807f0c72,   SP: 0x81bdef80,   LR: 0x807edcd3
r0 : 0x00000000   r6 : 0x00000400
r1 : 0x00000000   r7 : 0x00000000
r2 : 0x00000001   r8 : 0x00000000
r3 : 0x00000004   r9 : 0x850f5f80
r4 : 0x00000000   r10: 0x00000000
r5 : 0x00000000   r11: 0x3d090000
r12: 0x000f4240
Thumb: true

[15:17:22.649] |E| [MemoryRead]: Executing: ldrex r0, [r3]
[15:17:22.649] |E| [MemoryWriteExclusive]: Invalid exclusive write of uint32_t at addr: 0x4, val = 0x0, expected = 0x0
PC: 0x807f0c72,   SP: 0x81bdef80,   LR: 0x807edcd3
r0 : 0x00000000   r6 : 0x00000400
r1 : 0x00000000   r7 : 0x00000000
r2 : 0x00000001   r8 : 0x00000000
r3 : 0x00000004   r9 : 0x850f5f80
r4 : 0x00000000   r10: 0x00000000
r5 : 0x00000000   r11: 0x3d090000
r12: 0x000f4240
Thumb: true

[15:17:22.649] |E| [MemoryWriteExclusive]: Executing: ldrex r0, [r3]
[15:17:22.649] |E| [MemoryRead]: Invalid read of uint32_t at address: 0x4
PC: 0x807f0c72,   SP: 0x81bdef80,   LR: 0x807edcd3
r0 : 0x00000000   r6 : 0x00000400
r1 : 0x00000000   r7 : 0x00000000
r2 : 0x00000001   r8 : 0x00000000
r3 : 0x00000004   r9 : 0x850f5f80
r4 : 0x00000000   r10: 0x00000000
r5 : 0x00000000   r11: 0x3d090000
r12: 0x000f4240
Thumb: true

[15:17:22.649] |E| [MemoryRead]: Executing: ldrex r0, [r3]
[15:17:22.649] |E| [MemoryWriteExclusive]: Invalid exclusive write of uint32_t at addr: 0x4, val = 0x0, expected = 0x0
PC: 0x807f0c72,   SP: 0x81bdef80,   LR: 0x807edcd3
r0 : 0x00000000   r6 : 0x00000400
r1 : 0x00000000   r7 : 0x00000000
r2 : 0x00000001   r8 : 0x00000000
r3 : 0x00000004   r9 : 0x850f5f80
r4 : 0x00000000   r10: 0x00000000
r5 : 0x00000000   r11: 0x3d090000
r12: 0x000f4240
Thumb: true

[15:17:22.649] |E| [MemoryWriteExclusive]: Executing: ldrex r0, [r3]
[15:17:22.649] |E| [MemoryRead]: Invalid read of uint32_t at address: 0x4
PC: 0x807f0c72,   SP: 0x81bdef80,   LR: 0x807edcd3
r0 : 0x00000000   r6 : 0x00000400
r1 : 0x00000000   r7 : 0x00000000
r2 : 0x00000001   r8 : 0x00000000
r3 : 0x00000004   r9 : 0x850f5f80
r4 : 0x00000000   r10: 0x00000000
r5 : 0x00000000   r11: 0x3d090000
r12: 0x000f4240
Thumb: true

[15:17:22.649] |E| [MemoryRead]: Executing: ldrex r0, [r3]
[15:17:22.649] |E| [MemoryWriteExclusive]: Invalid exclusive write of uint32_t at addr: 0x4, val = 0x0, expected = 0x0
PC: 0x807f0c72,   SP: 0x81bdef80,   LR: 0x807edcd3
r0 : 0x00000000   r6 : 0x00000400
r1 : 0x00000000   r7 : 0x00000000
r2 : 0x00000001   r8 : 0x00000000
r3 : 0x00000004   r9 : 0x850f5f80
r4 : 0x00000000   r10: 0x00000000
r5 : 0x00000000   r11: 0x3d090000
r12: 0x000f4240
Thumb: true

[15:17:22.649] |E| [MemoryWriteExclusive]: Executing: ldrex r0, [r3]
[15:17:22.649] |E| [MemoryRead]: Invalid read of uint32_t at address: 0x4
PC: 0x807f0c72,   SP: 0x81bdef80,   LR: 0x807edcd3
r0 : 0x00000000   r6 : 0x00000400
r1 : 0x00000000   r7 : 0x00000000
r2 : 0x00000001   r8 : 0x00000000
r3 : 0x00000004   r9 : 0x850f5f80
r4 : 0x00000000   r10: 0x00000000
r5 : 0x00000000   r11: 0x3d090000
r12: 0x000f4240
Thumb: true

[15:17:22.649] |E| [MemoryRead]: Executing: ldrex r0, [r3]
[15:17:22.649] |E| [MemoryWriteExclusive]: Invalid exclusive write of uint32_t at addr: 0x4, val = 0x0, expected = 0x0
PC: 0x807f0c72,   SP: 0x81bdef80,   LR: 0x807edcd3
r0 : 0x00000000   r6 : 0x00000400
r1 : 0x00000000   r7 : 0x00000000
r2 : 0x00000001   r8 : 0x00000000
r3 : 0x00000004   r9 : 0x850f5f80
r4 : 0x00000000   r10: 0x00000000
r5 : 0x00000000   r11: 0x3d090000
r12: 0x000f4240
Thumb: true

[15:17:22.649] |E| [MemoryWriteExclusive]: Executing: ldrex r0, [r3]
[15:17:22.649] |E| [MemoryRead]: Invalid read of uint32_t at address: 0x4
PC: 0x807f0c72,   SP: 0x81bdef80,   LR: 0x807edcd3
r0 : 0x00000000   r6 : 0x00000400
r1 : 0x00000000   r7 : 0x00000000
r2 : 0x00000001   r8 : 0x00000000
r3 : 0x00000004   r9 : 0x850f5f80
r4 : 0x00000000   r10: 0x00000000
r5 : 0x00000000   r11: 0x3d090000
r12: 0x000f4240
Thumb: true

[15:17:22.649] |E| [MemoryRead]: Executing: ldrex r0, [r3]
[15:17:22.649] |E| [MemoryWriteExclusive]: Invalid exclusive write of uint32_t at addr: 0x4, val = 0x0, expected = 0x0
PC: 0x807f0c72,   SP: 0x81bdef80,   LR: 0x807edcd3
r0 : 0x00000000   r6 : 0x00000400
r1 : 0x00000000   r7 : 0x00000000
r2 : 0x00000001   r8 : 0x00000000
r3 : 0x00000004   r9 : 0x850f5f80
r4 : 0x00000000   r10: 0x00000000
r5 : 0x00000000   r11: 0x3d090000
r12: 0x000f4240
Thumb: true

[15:17:22.649] |E| [MemoryWriteExclusive]: Executing: ldrex r0, [r3]
[15:17:22.649] |E| [MemoryRead]: Invalid read of uint32_t at address: 0x4
PC: 0x807f0c72,   SP: 0x81bdef80,   LR: 0x807edcd3
r0 : 0x00000000   r6 : 0x00000400
r1 : 0x00000000   r7 : 0x00000000
r2 : 0x00000001   r8 : 0x00000000
r3 : 0x00000004   r9 : 0x850f5f80
r4 : 0x00000000   r10: 0x00000000
r5 : 0x00000000   r11: 0x3d090000
r12: 0x000f4240
Thumb: true

[15:17:22.649] |E| [MemoryRead]: Executing: ldrex r0, [r3]
[15:17:22.649] |E| [MemoryWriteExclusive]: Invalid exclusive write of uint32_t at addr: 0x4, val = 0x0, expected = 0x0
PC: 0x807f0c72,   SP: 0x81bdef80,   LR: 0x807edcd3
r0 : 0x00000000   r6 : 0x00000400
r1 : 0x00000000   r7 : 0x00000000
r2 : 0x00000001   r8 : 0x00000000
r3 : 0x00000004   r9 : 0x850f5f80
r4 : 0x00000000   r10: 0x00000000
r5 : 0x00000000   r11: 0x3d090000
r12: 0x000f4240
Thumb: true

[15:17:22.649] |E| [MemoryWriteExclusive]: Executing: ldrex r0, [r3]
[15:17:22.649] |E| [MemoryRead]: Invalid read of uint32_t at address: 0x4
PC: 0x807f0c72,   SP: 0x81bdef80,   LR: 0x807edcd3
r0 : 0x00000000   r6 : 0x00000400
r1 : 0x00000000   r7 : 0x00000000
r2 : 0x00000001   r8 : 0x00000000
r3 : 0x00000004   r9 : 0x850f5f80
r4 : 0x00000000   r10: 0x00000000
r5 : 0x00000000   r11: 0x3d090000
r12: 0x000f4240
Thumb: true

[15:17:22.649] |E| [MemoryRead]: Executing: ldrex r0, [r3]
[15:17:22.649] |E| [MemoryWriteExclusive]: Invalid exclusive write of uint32_t at addr: 0x4, val = 0x0, expected = 0x0
PC: 0x807f0c72,   SP: 0x81bdef80,   LR: 0x807edcd3
r0 : 0x00000000   r6 : 0x00000400
r1 : 0x00000000   r7 : 0x00000000
r2 : 0x00000001   r8 : 0x00000000
r3 : 0x00000004   r9 : 0x850f5f80
r4 : 0x00000000   r10: 0x00000000
r5 : 0x00000000   r11: 0x3d090000
r12: 0x000f4240
Thumb: true

[15:17:22.649] |E| [MemoryWriteExclusive]: Executing: ldrex r0, [r3]
[15:17:22.649] |E| [MemoryRead]: Invalid read of uint32_t at address: 0x4
PC: 0x807f0c72,   SP: 0x81bdef80,   LR: 0x807edcd3
r0 : 0x00000000   r6 : 0x00000400
r1 : 0x00000000   r7 : 0x00000000
r2 : 0x00000001   r8 : 0x00000000
r3 : 0x00000004   r9 : 0x850f5f80
r4 : 0x00000000   r10: 0x00000000
r5 : 0x00000000   r11: 0x3d090000
r12: 0x000f4240
Thumb: true

[15:17:22.649] |E| [MemoryRead]: Executing: ldrex r0, [r3]
[15:17:22.649] |E| [MemoryWriteExclusive]: Invalid exclusive write of uint32_t at addr: 0x4, val = 0x0, expected = 0x0
PC: 0x807f0c72,   SP: 0x81bdef80,   LR: 0x807edcd3
r0 : 0x00000000   r6 : 0x00000400
r1 : 0x00000000   r7 : 0x00000000
r2 : 0x00000001   r8 : 0x00000000
r3 : 0x00000004   r9 : 0x850f5f80
r4 : 0x00000000   r10: 0x00000000
r5 : 0x00000000   r11: 0x3d090000
r12: 0x000f4240
Thumb: true
[15:17:23.040] |E| [MemoryWriteExclusive]: Executing: ldrex r0, [r3]
[15:17:23.040] |E| [MemoryRead]: Invalid read of uint32_t at address: 0x4
PC: 0x807f0c72,   SP: 0x81bdef80,   LR: 0x807edcd3
r0 : 0x00000000   r6 : 0x00000400
r1 : 0x00000000   r7 : 0x00000000
r2 : 0x00000001   r8 : 0x00000000
r3 : 0x00000004   r9 : 0x850f5f80
r4 : 0x00000000   r10: 0x00000000
r5 : 0x00000000   r11: 0x3d090000
r12: 0x000f4240
Thumb: true

Unhandled SIGSEGV at rip 0x00005a13f355bd12
[15:17:23.042] |C| [unprotect_inner]: mprotect failed: Cannot allocate memory
[15:17:23.042] |C| [handle_access_violation]: Unhandled write protected region was valid. Address=0x807F0C72
Unhandled SIGSEGV at rip 0x00005a13f355bd12
[15:17:23.042] |C| [signal_handler]: Unhandled access to 0x4807F0C72
