14:40:46.508 [INFO] Log file initialized: ux0:data/VitaPlex/vitaplex.log
14:40:47.093 [DEBUG] DownloadsManager: No saved state found
14:40:47.093 [INFO] DownloadsManager: Initialized at ux0:data/VitaPlex/downloads
14:40:47.094 [INFO] VitaPlex 2.0.0 initializing...
14:40:47.095 [DEBUG] sceIoMkdir result: -0x7ffeffef
14:40:47.095 [INFO] Loading saved settings...
14:40:47.096 [DEBUG] loadSettings: Opening ux0:data/VitaPlex/settings.json
14:40:47.098 [DEBUG] loadSettings: File size = 680
14:40:47.100 [DEBUG] loadSettings: Read 680 bytes
14:40:47.104 [INFO] loadSettings: authToken=(set), serverUrl=http://192.168.1.28:32400, username=Nicholasflockerzi@gmail.Com
14:40:47.113 [INFO] Settings loaded successfully
14:40:47.121 [INFO] Settings load result: success
14:40:47.130 [INFO] Applied theme: Dark
14:40:47.141 [INFO] Debug logging enabled
14:40:47.152 [INFO] Application::run - isLoggedIn=true, serverUrl=http://192.168.1.28:32400
14:40:47.164 [INFO] Restoring saved session...
14:40:47.169 [INFO] Connecting to server: http://192.168.1.28:32400
14:40:47.175 [DEBUG] Connection timeout: 30 seconds
14:40:47.183 [DEBUG] HTTP GET http://192.168.1.28:32400/?X-Plex-Token=Vm7_CSxwxhVhjs-8TDNk
14:40:47.453 [DEBUG] HTTP response: 200 (9410 bytes)
14:40:47.463 [INFO] Connected to: openmediavault
14:40:47.474 [DEBUG] HTTP GET http://192.168.1.28:32400/livetv/dvrs?X-Plex-Token=Vm7_CSxwxhVhjs-8TDNk
14:40:47.582 [DEBUG] HTTP response: 200 (8664 bytes)
14:40:47.592 [DEBUG] DVR response (first 1000): {"MediaContainer":{"size":1,"Dvr":[{"key":"40","uuid":"f380ce1d-6b1e-4246-ba19-92e2149073b0","language":"eng","lineupTitle":"Local Broadcast Listings (106 channels)","lineup":"lineup://tv.plex.providers.epg.cloud/5fc76c55dd53a6002dab58e3#Local%20Broadcast%20Listings%20%28106%20channels%29","country":"usa","postalCode":"16066","refreshedAt":1772867741,"epgIdentifier":"tv.plex.providers.epg.cloud:40","Device":[{"parentID":40,"key":"18","uuid":"device://tv.plex.grabbers.hdhomerun/154011F3","uri":"http://192.168.1.17:80","protocol":"livetv","status":"alive","state":"enabled","lastSeenAt":1772912156,"canTranscode":"0","deviceAuth":"lKRJaqyWde1rehja0CH25gkY","deviceId":"154011F3","make":"Unknown","model":"HDHomeRun SCRIBE 4K","modelNumber":"HDVR-4K-1TB","source":"0","sources":"0,1","thumb":"/:/resources/dvr/device-generic-560.png","title":"Local Broadcast Listings (106 channels)","tuners":"4","ChannelMapping":[{"channelKey":"5fc76c55dd53a6002dab58e3-5fc70600a05ef8002e61645f","deviceIdentifie
14:40:47.603 [INFO] Live TV DVR ID: 40
14:40:47.611 [INFO] Live TV Lineup URI: lineup://tv.plex.providers.epg.cloud/5fc76c55dd53a6002dab58e3#Local%20Broadcast%20Listings%20%28106%20channels%29
14:40:47.620 [DEBUG] HTTP GET http://192.168.1.28:32400/media/providers?X-Plex-Token=Vm7_CSxwxhVhjs-8TDNk
14:40:47.862 [DEBUG] HTTP response: 200 (23895 bytes)
14:40:47.873 [DEBUG] media/providers response (first 2000): {"MediaContainer":{"size":2,"allowCameraUpload":true,"allowChannelAccess":true,"allowSharing":true,"allowSync":true,"allowTuners":true,"apiVersion":"1.1.1","backgroundProcessing":true,"certificate":true,"companionProxy":true,"countryCode":"usa","diagnostics":"logs,databases,streaminglogs","eventStream":true,"friendlyName":"openmediavault","livetv":7,"machineIdentifier":"6e44c885c542ccecabe792563118589a2b459eb1","musicAnalysis":2,"myPlex":true,"myPlexMappingState":"mapped","myPlexSigninState":"ok","myPlexSubscription":true,"myPlexUsername":"nicholasflockerzi@gmail.com","offlineTranscode":1,"ownerFeatures":"00077925-6031-401b-8679-f6617ed0cec6,002c9f1a-2fc0-4812-b85b-0e6140f21a0f,007fb90d-2224-4d24-bd42-e87ffde13558,00cc618e-eb08-4e0e-9221-82b4835dd89b,044a1fac-6b55-47d0-9933-25a035709432,04d7d794-b76c-49ef-9184-52f8f1f501ee,05690239-443e-43fb-bc1a-95b5d916ca63,06d14b9e-2af8-4c2b-a4a1-ea9d5c515824,075954ad-56ef-4f5e-9519-9cfb0ed05827,0de49fa2-30cc-4b54-a22d-ff860c1bf3af,0de6151c-e0dd-47c8-a81e-1acb977c7f0f,0e2acda2-d70d-4df6-96e0-f63cf264d217,0eee866d-782b-4dfd-b42b-3bbe8eb0af16,13056a62-9bd2-47cf-aba9-bab00095fd08,1417df52-986e-4e4b-8dcd-3997fbc5c976,1844737f-1a87-45c3-ab20-01435959e63c,1b3a63e4-c2f4-4011-a181-2343d3a97ef7,1b870b8e-f1a7-497c-80b2-857d45f3123f,1dd846ed-7cde-4dc5-8ef6-53d3ce8c4e9d,1df3cd16-faf2-4d37-8349-1fcf3713bf1d,1f952ea5-0837-44cb-8539-a69a14a75d4a,222020fb-1504-492d-af33-a0b80a49558a,228a6439-ee2f-4a9b-b0fc-1bfcd48b5095,22b27e12-472e-4383-92ea-2ec3976d8e72,24b4cf36-b296-4002-86b7-f1adb657e76a,2797e341-b062-46ed-862f-0acbba5dd522,298a11d3-9324-4104-8047-0ac10df4a8a6,2ea0e464-ea4f-4be2-97c1-ce6ed4b377dd,300231e0-69aa-4dce-97f4-52d8c00e3e8c,32cc8bf5-b425-4582-a52d-71b4f1cf436b,34ddfac9-3a76-459a-974d-591520b809dd,34e182bd-2f62-4678-a9e9-d13b3e25019d,359796ce-d614-427f-8165-19ff62ca053a,39dbdd84-8339-4736-96a1-0eb105cc2e08,3a2b0cb6-1519-4431-98e2-823c248c70eb,3ae06d3a-a76b-435e-8cef-2d2008610ba2,3bfd3ccf-8c63-4dbb-8f87-9b21b402c82b,3c376154-d47e-4bbf
14:40:47.900 [INFO] Live TV EPG provider key: tv.plex.providers.epg.cloud:40
14:40:47.907 [INFO] Live TV availability check: available (devices: 0, lineup: set, epg: tv.plex.providers.epg.cloud:40)
14:40:47.917 [INFO] Restored session and connected to server
14:40:47.927 [DEBUG] MainActivity created
14:40:47.938 [DEBUG] Adding an inputs block token (tokens=1)
14:40:47.973 [DEBUG] MainActivity content available
14:40:47.981 [DEBUG] fetchLibrarySections: serverUrl=http://192.168.1.28:32400, hasToken=true
14:40:47.988 [DEBUG] Fetching: http://192.168.1.28:32400/library/sections?X-Plex-Token=Vm7_CSxwxhVhjs-8TDNk
14:40:47.997 [DEBUG] HTTP GET http://192.168.1.28:32400/library/sections?X-Plex-Token=Vm7_CSxwxhVhjs-8TDNk
14:40:48.025 [DEBUG] HTTP response: 200 (5503 bytes)
14:40:48.036 [DEBUG] Response: 200 - 5503 bytes
14:40:48.046 [DEBUG] Response body: {"MediaContainer":{"size":11,"allowSync":false,"title1":"Plex Library","Directory":[{"allowSync":true,"filters":true,"refreshing":false,"key":"12","type":"movie","title":"3D Movies","agent":"tv.plex.agents.movie","scanner":"Plex Movie","language":"en-US","metadataAgentProviderGroupId":1,"uuid":"6cd2f30a-ef3d-4dac-8c8e-0404418f3ce1","updatedAt":1767703430,"createdAt":1753322285,"scannedAt":1767703375,"content":true,"directory":true,"contentChangedAt":3550580492361197975,"hidden":2,"Location":[{"i
14:40:48.052 [DEBUG] Found section: 3D Movies (movie)
14:40:48.058 [DEBUG] Found section: DVR Movies (movie)
14:40:48.067 [DEBUG] Found section: Movies (movie)
14:40:48.078 [DEBUG] Found section: DVR TV Shows (show)
14:40:48.089 [DEBUG] Found section: TV Shows (show)
14:40:48.099 [DEBUG] Found section: CD Music (artist)
14:40:48.105 [DEBUG] Found section: Nick's Music (artist)
14:40:48.112 [DEBUG] Found section: Colorized Photos (photo)
14:40:48.115 [DEBUG] Found section: Photos (photo)
14:40:48.124 [DEBUG] Found section: Photos 2.0 (photo)
14:40:48.136 [DEBUG] Found section: Home Videos (movie)
14:40:48.148 [INFO] Found 11 library sections
14:40:48.158 [DEBUG] MainActivity: Dynamic sidebar width: 242px
14:40:48.176 [DEBUG] MainActivity: Loading libraries to sidebar...
14:40:48.187 [DEBUG] fetchLibrarySections: serverUrl=http://192.168.1.28:32400, hasToken=true
14:40:48.196 [DEBUG] Fetching: http://192.168.1.28:32400/library/sections?X-Plex-Token=Vm7_CSxwxhVhjs-8TDNk
14:40:48.208 [DEBUG] HTTP GET http://192.168.1.28:32400/library/sections?X-Plex-Token=Vm7_CSxwxhVhjs-8TDNk
14:40:48.230 [DEBUG] HTTP response: 200 (5503 bytes)
14:40:48.235 [DEBUG] Response: 200 - 5503 bytes
14:40:48.240 [DEBUG] Response body: {"MediaContainer":{"size":11,"allowSync":false,"title1":"Plex Library","Directory":[{"allowSync":true,"filters":true,"refreshing":false,"key":"12","type":"movie","title":"3D Movies","agent":"tv.plex.agents.movie","scanner":"Plex Movie","language":"en-US","metadataAgentProviderGroupId":1,"uuid":"6cd2f30a-ef3d-4dac-8c8e-0404418f3ce1","updatedAt":1767703430,"createdAt":1753322285,"scannedAt":1767703375,"content":true,"directory":true,"contentChangedAt":3550580492361197975,"hidden":2,"Location":[{"i
14:40:48.250 [DEBUG] Found section: 3D Movies (movie)
14:40:48.259 [DEBUG] Found section: DVR Movies (movie)
14:40:48.271 [DEBUG] Found section: Movies (movie)
14:40:48.283 [DEBUG] Found section: DVR TV Shows (show)
14:40:48.292 [DEBUG] Found section: TV Shows (show)
14:40:48.297 [DEBUG] Found section: CD Music (artist)
14:40:48.306 [DEBUG] Found section: Nick's Music (artist)
14:40:48.315 [DEBUG] Found section: Colorized Photos (photo)
14:40:48.327 [DEBUG] Found section: Photos (photo)
14:40:48.339 [DEBUG] Found section: Photos 2.0 (photo)
14:40:48.348 [DEBUG] Found section: Home Videos (movie)
14:40:48.353 [INFO] Found 11 library sections
14:40:48.362 [INFO] MainActivity: Got 11 library sections
14:40:48.371 [DEBUG] MainActivity: Hiding library: 3D Movies
14:40:48.384 [DEBUG] MainActivity: Hiding library: DVR Movies
14:40:48.406 [DEBUG] MainActivity: Added sidebar tab for library: Movies
14:40:48.424 [DEBUG] MainActivity: Added sidebar tab for library: DVR TV Shows
14:40:48.445 [DEBUG] MainActivity: Added sidebar tab for library: TV Shows
14:40:48.454 [DEBUG] MainActivity: Hiding library: CD Music
14:40:48.479 [DEBUG] MainActivity: Added sidebar tab for library: Nick's Music
14:40:48.537 [DEBUG] MainActivity: Hiding library: Colorized Photos
14:40:48.543 [DEBUG] MainActivity: Hiding library: Photos
14:40:48.552 [DEBUG] MainActivity: Hiding library: Photos 2.0
14:40:48.563 [DEBUG] MainActivity: Hiding library: Home Videos
14:40:48.696 [DEBUG] HomeTab: Loading content...
14:40:48.702 [DEBUG] HomeTab::loadContent - Starting async load
14:40:48.709 [DEBUG] HomeTab: Fetching continue watching (async)...
14:40:48.710 [DEBUG] HomeTab: Fetching library sections for recently added...
14:40:48.710 [DEBUG] HomeTab: Async content loading started
14:40:48.718 [DEBUG] fetchContinueWatching: serverUrl=http://192.168.1.28:32400
14:40:48.729 [DEBUG] fetchLibrarySections: serverUrl=http://192.168.1.28:32400, hasToken=true
14:40:48.750 [DEBUG] HTTP GET http://192.168.1.28:32400/hubs/continueWatching?X-Plex-Token=Vm7_CSxwxhVhjs-8TDNk
14:40:48.756 [DEBUG] Giving focus to brls::SidebarItem
14:40:48.757 [DEBUG] Fetching: http://192.168.1.28:32400/library/sections?X-Plex-Token=Vm7_CSxwxhVhjs-8TDNk
14:40:48.778 [DEBUG] Hiding brls::Box
14:40:48.790 [DEBUG] HTTP GET http://192.168.1.28:32400/library/sections?X-Plex-Token=Vm7_CSxwxhVhjs-8TDNk
14:40:48.796 [DEBUG] push activity to the stack
14:40:48.814 [DEBUG] Showing brls::Box
14:40:48.814 [DEBUG] HTTP response: 200 (5503 bytes)
14:40:48.836 [DEBUG] Response: 200 - 5503 bytes
14:40:48.842 [DEBUG] Response body: {"MediaContainer":{"size":11,"allowSync":false,"title1":"Plex Library","Directory":[{"allowSync":true,"filters":true,"refreshing":false,"key":"12","type":"movie","title":"3D Movies","agent":"tv.plex.agents.movie","scanner":"Plex Movie","language":"en-US","metadataAgentProviderGroupId":1,"uuid":"6cd2f30a-ef3d-4dac-8c8e-0404418f3ce1","updatedAt":1767703430,"createdAt":1753322285,"scannedAt":1767703375,"content":true,"directory":true,"contentChangedAt":3550580492361197975,"hidden":2,"Location":[{"i
14:40:48.849 [DEBUG] HTTP response: 200 (14630 bytes)
14:40:48.851 [DEBUG] Found section: 3D Movies (movie)
14:40:48.861 [DEBUG] ContinueWatching response: 200 - 14630 bytes
14:40:48.873 [DEBUG] Found section: DVR Movies (movie)
14:40:48.884 [INFO] Found 2 continue watching items
14:40:48.887 [DEBUG] Found section: Movies (movie)
14:40:48.896 [INFO] HomeTab: Got 2 continue watching items
14:40:48.907 [DEBUG] Found section: DVR TV Shows (show)
14:40:48.927 [DEBUG] Found section: TV Shows (show)
14:40:48.933 [DEBUG] Found section: CD Music (artist)
14:40:48.942 [DEBUG] Found section: Nick's Music (artist)
14:40:48.953 [DEBUG] Found section: Colorized Photos (photo)
14:40:48.965 [DEBUG] Found section: Photos (photo)
14:40:48.974 [DEBUG] Found section: Photos 2.0 (photo)
14:40:48.981 [DEBUG] Found section: Home Videos (movie)
14:40:48.990 [INFO] Found 11 library sections
14:40:49.003 [DEBUG] HomeTab: Skipping hidden library: 3D Movies
14:40:49.010 [DEBUG] HTTP GET http://192.168.1.28:32400/photo/:/transcode?url=%2Flibrary%2Fmetadata%2F17001%2Fthumb%2F1772616869&width=110&height=165&minSize=1&upscale=1&X-Plex-Token=Vm7_CSxwxhVhjs-8TDNk
14:40:49.015 [DEBUG] HomeTab: Skipping hidden library: DVR Movies
14:40:49.029 [DEBUG] fetchSectionRecentlyAdded: section=2
14:40:49.036 [DEBUG] HTTP response: 200 (6672 bytes)
14:40:49.038 [DEBUG] HTTP GET http://192.168.1.28:32400/library/sections/2/recentlyAdded?X-Plex-Token=Vm7_CSxwxhVhjs-8TDNk
14:40:49.051 [DEBUG] HTTP GET http://192.168.1.28:32400/photo/:/transcode?url=%2Flibrary%2Fmetadata%2F3920%2Fthumb%2F1736453118&width=280&height=160&minSize=1&upscale=1&X-Plex-Token=Vm7_CSxwxhVhjs-8TDNk
14:40:49.085 [DEBUG] HTTP response: 200 (12061 bytes)
14:40:49.091 [DEBUG] Removing an inputs block token (tokens=0)
14:40:49.219 [DEBUG] HTTP response: 200 (236184 bytes)
14:40:49.230 [DEBUG] RecentlyAdded response: 200 - 236184 bytes
14:40:49.343 [INFO] Found 100 recently added items in section 2
14:40:49.352 [DEBUG] fetchSectionRecentlyAdded: section=6
14:40:49.362 [DEBUG] HTTP GET http://192.168.1.28:32400/library/sections/6/recentlyAdded?X-Plex-Token=Vm7_CSxwxhVhjs-8TDNk
14:40:49.483 [DEBUG] HTTP response: 200 (238521 bytes)
14:40:49.489 [DEBUG] RecentlyAdded response: 200 - 238521 bytes
14:40:49.575 [INFO] Found 100 recently added items in section 6
14:40:49.586 [DEBUG] fetchSectionRecentlyAdded: section=3
14:40:49.597 [DEBUG] HTTP GET http://192.168.1.28:32400/library/sections/3/recentlyAdded?X-Plex-Token=Vm7_CSxwxhVhjs-8TDNk
14:40:49.763 [DEBUG] HTTP response: 200 (276510 bytes)
14:40:49.772 [DEBUG] RecentlyAdded response: 200 - 276510 bytes
14:40:49.863 [INFO] Found 100 recently added items in section 3
14:40:49.876 [DEBUG] HomeTab: Skipping hidden library: CD Music
14:40:49.885 [DEBUG] fetchSectionRecentlyAdded: section=4
14:40:49.893 [DEBUG] HTTP GET http://192.168.1.28:32400/library/sections/4/recentlyAdded?X-Plex-Token=Vm7_CSxwxhVhjs-8TDNk
14:40:49.947 [DEBUG] HTTP response: 200 (50461 bytes)
14:40:49.959 [DEBUG] RecentlyAdded response: 200 - 50461 bytes
14:40:49.987 [INFO] Found 25 recently added items in section 4
14:40:49.996 [DEBUG] HomeTab: Skipping hidden library: Colorized Photos
14:40:50.006 [DEBUG] HomeTab: Skipping hidden library: Photos
14:40:50.018 [DEBUG] HomeTab: Skipping hidden library: Photos 2.0
14:40:50.027 [DEBUG] HomeTab: Skipping hidden library: Home Videos
14:40:50.036 [INFO] HomeTab: Got 10 movies, 10 shows, 10 music items
14:40:50.596 [DEBUG] HTTP GET http://192.168.1.28:32400/photo/:/transcode?url=%2Flibrary%2Fmetadata%2F16681%2Fthumb%2F1770800250&width=110&height=165&minSize=1&upscale=1&X-Plex-Token=Vm7_CSxwxhVhjs-8TDNk
14:40:50.778 [DEBUG] HTTP response: 200 (7513 bytes)
14:40:50.785 [DEBUG] HTTP GET http://192.168.1.28:32400/photo/:/transcode?url=%2Flibrary%2Fmetadata%2F16679%2Fthumb%2F1770800250&width=110&height=165&minSize=1&upscale=1&X-Plex-Token=Vm7_CSxwxhVhjs-8TDNk
14:40:50.830 [DEBUG] HTTP response: 200 (5759 bytes)
14:40:50.840 [DEBUG] HTTP GET http://192.168.1.28:32400/photo/:/transcode?url=%2Flibrary%2Fmetadata%2F16676%2Fthumb%2F1770800249&width=110&height=165&minSize=1&upscale=1&X-Plex-Token=Vm7_CSxwxhVhjs-8TDNk
14:40:50.868 [DEBUG] HTTP response: 200 (6172 bytes)
14:40:50.874 [DEBUG] HTTP GET http://192.168.1.28:32400/photo/:/transcode?url=%2Flibrary%2Fmetadata%2F16660%2Fthumb%2F1768118446&width=110&height=165&minSize=1&upscale=1&X-Plex-Token=Vm7_CSxwxhVhjs-8TDNk
14:40:50.945 [DEBUG] HTTP response: 200 (6407 bytes)
14:40:50.956 [DEBUG] HTTP GET http://192.168.1.28:32400/photo/:/transcode?url=%2Flibrary%2Fmetadata%2F16022%2Fthumb%2F1770371025&width=110&height=165&minSize=1&upscale=1&X-Plex-Token=Vm7_CSxwxhVhjs-8TDNk
14:40:50.982 [DEBUG] HTTP response: 200 (5266 bytes)
14:40:50.988 [DEBUG] HTTP GET http://192.168.1.28:32400/photo/:/transcode?url=%2Flibrary%2Fmetadata%2F15620%2Fthumb%2F1770800248&width=110&height=165&minSize=1&upscale=1&X-Plex-Token=Vm7_CSxwxhVhjs-8TDNk
14:40:51.018 [DEBUG] HTTP response: 200 (5074 bytes)
14:40:51.028 [DEBUG] HTTP GET http://192.168.1.28:32400/photo/:/transcode?url=%2Flibrary%2Fmetadata%2F15610%2Fthumb%2F1768208687&width=110&height=165&minSize=1&upscale=1&X-Plex-Token=Vm7_CSxwxhVhjs-8TDNk
14:40:51.049 [DEBUG] HTTP response: 200 (4910 bytes)
14:40:51.055 [DEBUG] HTTP GET http://192.168.1.28:32400/photo/:/transcode?url=%2Flibrary%2Fmetadata%2F1640%2Fthumb%2F1771140667&width=110&height=165&minSize=1&upscale=1&X-Plex-Token=Vm7_CSxwxhVhjs-8TDNk
14:40:51.077 [DEBUG] HTTP response: 200 (6267 bytes)
14:40:51.088 [DEBUG] HTTP GET http://192.168.1.28:32400/photo/:/transcode?url=%2Flibrary%2Fmetadata%2F2384%2Fthumb%2F1770800237&width=110&height=165&minSize=1&upscale=1&X-Plex-Token=Vm7_CSxwxhVhjs-8TDNk
14:40:51.122 [DEBUG] HTTP response: 200 (8148 bytes)
14:40:51.128 [DEBUG] HTTP GET http://192.168.1.28:32400/photo/:/transcode?url=%2Flibrary%2Fmetadata%2F17276%2Fthumb%2F1772867075&width=280&height=160&minSize=1&upscale=1&X-Plex-Token=Vm7_CSxwxhVhjs-8TDNk
14:40:51.162 [DEBUG] HTTP response: 200 (10064 bytes)
14:40:51.165 [DEBUG] Giving focus to vitaplex::MediaItemCell
14:40:51.174 [DEBUG] HTTP GET http://192.168.1.28:32400/photo/:/transcode?url=%2Flibrary%2Fmetadata%2F17273%2Fthumb%2F1772780621&width=280&height=160&minSize=1&upscale=1&X-Plex-Token=Vm7_CSxwxhVhjs-8TDNk
14:40:51.204 [DEBUG] HTTP response: 200 (11697 bytes)
14:40:51.214 [DEBUG] HTTP GET http://192.168.1.28:32400/photo/:/transcode?url=%2Flibrary%2Fmetadata%2F17272%2Fthumb%2F1772762702&width=280&height=160&minSize=1&upscale=1&X-Plex-Token=Vm7_CSxwxhVhjs-8TDNk
14:40:51.238 [DEBUG] HTTP response: 200 (8142 bytes)
14:40:51.245 [DEBUG] HTTP GET http://192.168.1.28:32400/photo/:/transcode?url=%2Flibrary%2Fmetadata%2F17271%2Fthumb%2F1772694250&width=280&height=160&minSize=1&upscale=1&X-Plex-Token=Vm7_CSxwxhVhjs-8TDNk
14:40:51.269 [DEBUG] HTTP response: 200 (9517 bytes)
14:40:51.281 [DEBUG] HTTP GET http://192.168.1.28:32400/photo/:/transcode?url=%2Flibrary%2Fmetadata%2F17270%2Fthumb%2F1772359444&width=280&height=160&minSize=1&upscale=1&X-Plex-Token=Vm7_CSxwxhVhjs-8TDNk
14:40:51.303 [DEBUG] HTTP response: 200 (15003 bytes)
14:40:51.311 [DEBUG] HTTP GET http://192.168.1.28:32400/photo/:/transcode?url=%2Flibrary%2Fmetadata%2F17269%2Fthumb%2F1772262324&width=280&height=160&minSize=1&upscale=1&X-Plex-Token=Vm7_CSxwxhVhjs-8TDNk
14:40:51.333 [DEBUG] HTTP response: 200 (12730 bytes)
14:40:51.346 [DEBUG] HTTP GET http://192.168.1.28:32400/photo/:/transcode?url=%2Flibrary%2Fmetadata%2F17268%2Fthumb%2F1772175837&width=280&height=160&minSize=1&upscale=1&X-Plex-Token=Vm7_CSxwxhVhjs-8TDNk
14:40:51.374 [DEBUG] HTTP response: 200 (9755 bytes)
14:40:51.384 [DEBUG] HTTP GET http://192.168.1.28:32400/photo/:/transcode?url=%2Flibrary%2Fmetadata%2F17267%2Fthumb%2F1772157923&width=280&height=160&minSize=1&upscale=1&X-Plex-Token=Vm7_CSxwxhVhjs-8TDNk
14:40:51.404 [DEBUG] HTTP response: 200 (6962 bytes)
14:40:51.410 [DEBUG] HTTP GET http://192.168.1.28:32400/photo/:/transcode?url=%2Flibrary%2Fmetadata%2F17266%2Fthumb%2F1771482831&width=280&height=160&minSize=1&upscale=1&X-Plex-Token=Vm7_CSxwxhVhjs-8TDNk
14:40:51.429 [DEBUG] HTTP response: 200 (10440 bytes)
14:40:51.940 [DEBUG] HTTP GET http://192.168.1.28:32400/photo/:/transcode?url=%2Flibrary%2Fmetadata%2F17265%2Fthumb%2F1771398288&width=280&height=160&minSize=1&upscale=1&X-Plex-Token=Vm7_CSxwxhVhjs-8TDNk
14:40:51.987 [DEBUG] HTTP response: 200 (12658 bytes)
14:40:51.994 [DEBUG] HTTP GET http://192.168.1.28:32400/photo/:/transcode?url=%2Flibrary%2Fmetadata%2F17088%2Fthumb%2F1766776492&width=110&height=110&minSize=1&upscale=1&X-Plex-Token=Vm7_CSxwxhVhjs-8TDNk
14:40:52.014 [DEBUG] HTTP response: 200 (5223 bytes)
14:40:52.026 [DEBUG] HTTP GET http://192.168.1.28:32400/photo/:/transcode?url=%2Flibrary%2Fmetadata%2F16920%2Fthumb%2F1764562211&width=110&height=110&minSize=1&upscale=1&X-Plex-Token=Vm7_CSxwxhVhjs-8TDNk
14:40:52.194 [DEBUG] HTTP response: 200 (2512 bytes)
14:40:52.203 [DEBUG] HTTP GET http://192.168.1.28:32400/photo/:/transcode?url=%2Flibrary%2Fmetadata%2F16017%2Fthumb%2F1765270453&width=110&height=110&minSize=1&upscale=1&X-Plex-Token=Vm7_CSxwxhVhjs-8TDNk
14:40:52.224 [DEBUG] HTTP response: 200 (3055 bytes)
14:40:52.238 [DEBUG] HTTP GET http://192.168.1.28:32400/photo/:/transcode?url=%2Flibrary%2Fmetadata%2F15864%2Fthumb%2F1764582343&width=110&height=110&minSize=1&upscale=1&X-Plex-Token=Vm7_CSxwxhVhjs-8TDNk
14:40:52.254 [DEBUG] HTTP response: 200 (2238 bytes)
14:40:52.264 [DEBUG] HTTP GET http://192.168.1.28:32400/photo/:/transcode?url=%2Flibrary%2Fmetadata%2F15815%2Fthumb%2F1769590304&width=110&height=110&minSize=1&upscale=1&X-Plex-Token=Vm7_CSxwxhVhjs-8TDNk
14:40:52.296 [DEBUG] HTTP response: 200 (25774 bytes)
14:40:52.304 [DEBUG] HTTP GET http://192.168.1.28:32400/photo/:/transcode?url=%2Flibrary%2Fmetadata%2F15755%2Fthumb%2F1772357213&width=110&height=110&minSize=1&upscale=1&X-Plex-Token=Vm7_CSxwxhVhjs-8TDNk
14:40:52.388 [DEBUG] HTTP response: 200 (3244 bytes)
14:40:52.400 [DEBUG] HTTP GET http://192.168.1.28:32400/photo/:/transcode?url=%2Flibrary%2Fmetadata%2F15453%2Fthumb%2F1740819387&width=110&height=110&minSize=1&upscale=1&X-Plex-Token=Vm7_CSxwxhVhjs-8TDNk
14:40:52.417 [DEBUG] HTTP response: 200 (3947 bytes)
14:40:52.427 [DEBUG] HTTP GET http://192.168.1.28:32400/photo/:/transcode?url=%2Flibrary%2Fmetadata%2F15425%2Fthumb%2F1762937433&width=110&height=110&minSize=1&upscale=1&X-Plex-Token=Vm7_CSxwxhVhjs-8TDNk
14:40:52.492 [DEBUG] HTTP response: 200 (4150 bytes)
14:40:52.499 [DEBUG] HTTP GET http://192.168.1.28:32400/photo/:/transcode?url=%2Flibrary%2Fmetadata%2F14714%2Fthumb%2F1738135656&width=110&height=110&minSize=1&upscale=1&X-Plex-Token=Vm7_CSxwxhVhjs-8TDNk
14:40:52.712 [DEBUG] HTTP response: 200 (36124 bytes)
14:40:52.725 [DEBUG] HTTP GET http://192.168.1.28:32400/photo/:/transcode?url=%2Flibrary%2Fmetadata%2F13076%2Fthumb%2F1770198221&width=110&height=110&minSize=1&upscale=1&X-Plex-Token=Vm7_CSxwxhVhjs-8TDNk
14:40:52.803 [DEBUG] HTTP response: 200 (5471 bytes)
14:40:53.533 [DEBUG] Giving focus to vitaplex::MediaItemCell
14:40:53.855 [DEBUG] Giving focus to vitaplex::MediaItemCell
14:40:54.119 [DEBUG] Adding an inputs block token (tokens=1)
14:40:54.119 [DEBUG] HTTP GET http://192.168.1.28:32400/library/metadata/17001?X-Plex-Token=Vm7_CSxwxhVhjs-8TDNk
14:40:54.128 [DEBUG] Pushing vitaplex::MediaItemCell to the focus stack
14:40:54.173 [DEBUG] Giving focus to brls::Button
14:40:54.182 [DEBUG] Hiding vitaplex::MediaDetailView
14:40:54.186 [DEBUG] HTTP response: 200 (23894 bytes)
14:40:54.194 [DEBUG] push activity to the stack
14:40:54.205 [DEBUG] fetchMediaDetails: partPath=/library/parts/20208/1764650786/file.mp4
14:40:54.211 [DEBUG] Showing vitaplex::MediaDetailView
14:40:54.223 [DEBUG] fetchMediaDetails: partSize=2946200538
14:40:54.294 [DEBUG] loadDetails: partPath available, download enabled
14:40:54.312 [DEBUG] Removing an inputs block token (tokens=0)
14:40:54.313 [DEBUG] HTTP GET http://192.168.1.28:32400/photo/:/transcode?url=%2Flibrary%2Fmetadata%2F17001%2Fthumb%2F1772616869&width=400&height=600&minSize=1&upscale=1&X-Plex-Token=Vm7_CSxwxhVhjs-8TDNk
14:40:54.361 [DEBUG] HTTP response: 200 (56984 bytes)
14:40:55.062 [DEBUG] PlayerActivity created for media: 17001
14:40:55.068 [DEBUG] Adding an inputs block token (tokens=1)
14:40:55.077 [DEBUG] Pushing brls::Button to the focus stack
14:40:55.273 [DEBUG] PlayerActivity content available
14:40:55.282 [DEBUG] HTTP GET http://192.168.1.28:32400/library/metadata/17001?X-Plex-Token=Vm7_CSxwxhVhjs-8TDNk
14:40:55.317 [DEBUG] HTTP response: 200 (23894 bytes)
14:40:55.332 [DEBUG] fetchMediaDetails: partPath=/library/parts/20208/1764650786/file.mp4
14:40:55.338 [DEBUG] fetchMediaDetails: partSize=2946200538
14:40:55.350 [INFO] PlayerActivity: Media type detection - audio: false, type: 1
14:40:55.361 [DEBUG] getTranscodeUrl: ratingKey=17001, offsetMs=181000
14:40:55.370 [DEBUG] HTTP GET http://192.168.1.28:32400/library/metadata/17001?X-Plex-Token=Vm7_CSxwxhVhjs-8TDNk
14:40:55.666 [DEBUG] HTTP response: 200 (23894 bytes)
14:40:55.678 [DEBUG] getTranscodeUrl: partKey=/library/parts/20208/1764650786/file.mp4
14:40:55.688 [DEBUG] getTranscodeUrl: isAudio=false
14:40:55.696 [INFO] getTranscodeUrl: Calling decision endpoint...
14:40:55.708 [DEBUG] HTTP GET http://192.168.1.28:32400/video/:/transcode/universal/decision?path=%2Flibrary%2Fmetadata%2F17001&mediaIndex=0&partIndex=0&directPlay=0&directStream=1&directStreamAudio=1&hasMDE=1&location=lan&audioBoost=100&audioChannelCount=2&protocol=hls&videoBitrate=2000&videoResolution=960x544&videoQuality=100&subtitles=auto&offset=181.0&session=1772912455&X-Plex-Token=Vm7_CSxwxhVhjs-8TDNk
14:40:55.841 [DEBUG] HTTP response: 200 (22634 bytes)
14:40:55.850 [INFO] getTranscodeUrl: Decision response: 200 body: {"MediaContainer":{"size":1,"allowSync":"1","directPlayDecisionCode":3000,"directPlayDecisionText":"App cannot direct play this item. Direct play is disabled.","generalDecisionCode":1001,"generalDecisionText":"Direct play not available; Conversion OK.","identifier":"com.plexapp.plugins.library","librarySectionID":"2","librarySectionTitle":"Movies","librarySectionUUID":"50949730-080c-4a79-b331-9ee4671c0e06","mediaTagPrefix":"/system/bundle/media/flags/","mediaTagVersion":"1758205129","resourceSes
14:40:55.862 [INFO] getTranscodeUrl: Transcode URL = http://192.168.1.28:32400/video/:/transcode/universal/start.m3u8?path=%2Flibrary%2Fmetadata%2F17001&mediaIndex=0&partIndex=0&directPlay=0&directStream=1&directStreamAudio=1&hasMDE=1&location=lan&audioBoost=100&audioChannelCount=2&protocol=hls&videoBitrate=2000&videoResolution=960x544&videoQuality=100&subtitles=auto&offset=181.0&session=1772912455&X-Plex-Token=Vm7_CSxwxhVhjs-8TDNk&X-Plex-Client-Identifier=VitaPlex&X-Plex-Product=VitaPlex&X-Plex-Version=1.0.0&X-Plex-Platform=PlayStation%20Vita&X-Plex-Device=PS%20Vita&X-Plex-Device-Name=PS%20Vita&X-Plex-Client-Profile-Name=Generic&X-Plex-Client-Profile-Extra=add-transcode-target%28type%3DvideoProfile%26context%3Dstreaming%26protocol%3Dhls%26container%3Dmpegts%26videoCodec%3Dh264%26audioCodec%3Daac%26subtitleCodec%3Dsrt%29%2Badd-limitation%28scope%3DvideoCodec%26scopeName%3Dh264%26type%3DupperBound%26name%3Dvideo.level%26value%3D40%29%2Badd-limitation%28scope%3DvideoCodec%26scopeName%3Dh264%26type%3DupperBound%26name%3Dvideo.width%26value%3D1280%29%2Badd-limitation%28scope%3DvideoCodec%26scopeName%3Dh264%26type%3DupperBound%26name%3Dvideo.height%26value%3D720%29
14:40:55.882 [INFO] ImageLoader: Paused - new thumbnail loads disabled
14:40:55.895 [INFO] PlayerActivity: Deferring MPV init to after activity transition
14:40:55.905 [DEBUG] PlayerActivity: loadMedia exiting
14:40:55.948 [DEBUG] Giving focus to brls::Box (id="player/rewind_btn")
14:40:55.961 [DEBUG] Hiding brls::Box (id="player/container")
14:40:55.969 [DEBUG] push activity to the stack
14:40:55.980 [DEBUG] Showing brls::Box (id="player/container")
14:40:56.001 [DEBUG] Removing an inputs block token (tokens=0)
14:40:56.046 [INFO] PlayerActivity: Performing deferred MPV init (phase 1: create context)...
14:40:56.115 [DEBUG] MpvPlayer: Initializing libmpv...
14:40:56.171 [DEBUG] MpvPlayer: mpv context created
14:40:56.182 [INFO] MpvPlayer: Initializing in video mode
14:40:56.197 [DEBUG] MpvPlayer: Calling mpv_initialize...
14:40:56.222 [DEBUG] MpvPlayer: mpv_initialize succeeded
14:40:56.233 [INFO] MpvPlayer: Creating GXM render context...
14:40:56.243 [INFO] MpvPlayer: GXM context acquired, setting up render params...
14:40:56.254 [INFO] MpvPlayer: Setting up MPV render params with API type: gxm
14:40:56.267 [INFO] MpvPlayer: Calling mpv_render_context_create...
14:40:56.280 [INFO] MpvPlayer: GXM render context created successfully!
14:40:56.344 [INFO] MpvPlayer: GXM render context created successfully (960x544)
14:40:56.359 [INFO] MpvPlayer: Initialized successfully
14:40:56.370 [INFO] PlayerActivity: Deferred MPV load (phase 2: loadUrl)...
14:40:56.382 [INFO] MpvPlayer: Loading URL: http://192.168.1.28:32400/video/:/transcode/universal/start.m3u8?path=%2Flibrary%2Fmetadata%2F17001&mediaIndex=0&partIndex=0&directPlay=0&directStream=1&directStreamAudio=1&hasMDE=1&location=lan&audioBoost=100&audioChannelCount=2&protocol=hls&videoBitrate=2000&videoResolution=960x544&videoQuality=100&subtitles=auto&offset=181.0&session=1772912455&X-Plex-Token=Vm7_CSxwxhVhjs-8TDNk&X-Plex-Client-Identifier=VitaPlex&X-Plex-Product=VitaPlex&X-Plex-Version=1.0.0&X-Plex-Platform=PlayStation%20Vita&X-Plex-Device=PS%20Vita&X-Plex-Device-Name=PS%20Vita&X-Plex-Client-Profile-Name=Generic&X-Plex-Client-Profile-Extra=add-transcode-target%28type%3DvideoProfile%26context%3Dstreaming%26protocol%3Dhls%26container%3Dmpegts%26videoCodec%3Dh264%26audioCodec%3Daac%26subtitleCodec%3Dsrt%29%2Badd-limitation%28scope%3DvideoCodec%26scopeName%3Dh264%26type%3DupperBound%26name%3Dvideo.level%26value%3D40%29%2Badd-limitation%28scope%3DvideoCodec%26scopeName%3Dh264%26type%3DupperBound%26name%3Dvideo.width%26value%3D1280%29%2Badd-limitation%28scope%3DvideoCodec%26scopeName%3Dh264%26type%3DupperBound%26name%3Dvideo.height%26value%3D720%29
14:40:56.402 [DEBUG] MpvPlayer: Sending loadfile command...
14:40:56.415 [DEBUG] MpvPlayer: loadfile command queued successfully (result=0)
14:40:56.425 [DEBUG] MpvPlayer: About to call setState(LOADING)...
14:40:56.436 [DEBUG] MpvPlayer::setState entered with newState=1
14:40:56.446 [DEBUG] MpvPlayer: State change: 0 -> 1
14:40:56.457 [DEBUG] MpvPlayer::setState assignment done
14:40:56.470 [DEBUG] MpvPlayer::setState exiting
14:40:56.481 [DEBUG] MpvPlayer: setState done, about to return true
14:40:56.496 [DEBUG] Video view enabled (deferred)
14:40:56.506 [INFO] PlayerActivity: Deferred load started successfully
14:40:57.047 [DEBUG] MpvPlayer: EVENT_IDLE
14:40:57.060 [DEBUG] MpvPlayer::setState entered with newState=0
14:40:57.070 [DEBUG] MpvPlayer: State change: 1 -> 0
14:40:57.084 [DEBUG] MpvPlayer::setState assignment done
14:40:57.094 [DEBUG] MpvPlayer::setState exiting
14:40:57.104 [DEBUG] MpvPlayer: EVENT_COMMAND_REPLY id=1 error=0
14:40:57.116 [DEBUG] MpvPlayer: EVENT_START_FILE
14:40:57.127 [DEBUG] MpvPlayer::setState entered with newState=1
14:40:57.140 [DEBUG] MpvPlayer: State change: 0 -> 1
14:40:57.150 [DEBUG] MpvPlayer::setState assignment done
14:40:57.161 [DEBUG] MpvPlayer::setState exiting
14:40:57.171 [DEBUG] MpvPlayer: core-idle = true
14:40:57.598 [DEBUG] Giving focus to brls::Rectangle
14:40:57.915 [DEBUG] Giving focus to brls::Box (id="player/audio_btn")
14:40:58.599 [DEBUG] Giving focus to brls::Box (id="player/sub_btn")
14:40:58.817 [DEBUG] HTTP GET http://192.168.1.28:32400/library/metadata/17001?X-Plex-Token=Vm7_CSxwxhVhjs-8TDNk
14:40:58.868 [DEBUG] HTTP response: 200 (23894 bytes)
14:40:58.879 [DEBUG] fetchStreams: partId=20208
14:40:58.891 [DEBUG] fetchStreams: type=1 id=45345 codec=hevc title=1080p
14:40:58.901 [DEBUG] fetchStreams: type=2 id=45346 codec=aac title=English (AAC 5.1)
14:40:58.915 [DEBUG] fetchStreams: type=2 id=45347 codec=aac title=English (AAC 5.1)
14:40:58.924 [DEBUG] fetchStreams: type=2 id=45348 codec=aac title=English (AAC 5.1)
14:40:58.936 [DEBUG] fetchStreams: type=2 id=45349 codec=aac title=Français (AAC 5.1)
14:40:58.946 [DEBUG] fetchStreams: type=2 id=45350 codec=aac title=Español (AAC 5.1)
14:40:58.957 [DEBUG] fetchStreams: type=3 id=45951 codec=srt title=English
14:40:58.970 [INFO] fetchStreams: Found 7 streams for ratingKey 17001
14:40:58.981 [INFO] fetchPlexStreams: Loaded 7 streams, partId=20208
14:40:59.050 [DEBUG] Giving focus to brls::Box
14:40:59.057 [INFO] MpvPlayer: EVENT_FILE_LOADED
14:40:59.657 [DEBUG] Giving focus to brls::Box
14:41:00.023 [DEBUG] Giving focus to brls::Box
14:41:00.073 [DEBUG] MpvPlayer: EVENT_PLAYBACK_RESTART
14:41:00.087 [DEBUG] MpvPlayer::setState entered with newState=2
14:41:00.096 [DEBUG] MpvPlayer: State change: 1 -> 2
14:41:00.108 [DEBUG] MpvPlayer::setState assignment done
14:41:00.118 [DEBUG] MpvPlayer::setState exiting
14:41:00.128 [DEBUG] MpvPlayer: core-idle = false
14:41:00.144 [INFO] MpvPlayer: Video 960x540 @ 23.98fps codec=h264 (H.264 / AVC / MPEG-4 AVC / MPEG-4 part 10)
14:41:00.153 [INFO] MpvPlayer: Audio 2ch @ 48000Hz codec=aac (AAC (Advanced Audio Coding))
14:41:00.303 [DEBUG] HTTP GET http://192.168.1.28:32400/library/metadata/17001/subtitles?language=en&X-Plex-Token=Vm7_CSxwxhVhjs-8TDNk
14:41:00.511 [DEBUG] HTTP response: 200 (4943 bytes)
14:41:00.522 [DEBUG] searchSubtitles: Response 4943 bytes, first 500: {"MediaContainer":{"size":10,"identifier":"com.plexapp.plugins.library","mediaTagPrefix":"/system/bundle/media/flags/","mediaTagVersion":1758205129,"Stream":[{"downloaded":true,"id":45952,"key":"/library/streams/45952","streamType":3,"canAutoSync":false,"codec":"srt","language":"English","languageTag":"eng","languageCode":"eng","format":"srt","providerTitle":"OpenSubtitles","score":"55","sourceKey":"/library/streams/11825720","title":"Spider-Man.Homecoming.2017.2160p.UHD.BluRay.x265.10bit.HDR.Tr
14:41:00.536 [DEBUG] searchSubtitles: English - English [OpenSubtitles]
14:41:00.536 [DEBUG] searchSubtitles: English - English [OpenSubtitles]
14:41:00.538 [DEBUG] searchSubtitles: English SDH - English [OpenSubtitles]
14:41:00.539 [DEBUG] searchSubtitles: English Forced - English [OpenSubtitles]
14:41:00.543 [DEBUG] searchSubtitles: English SDH - English [OpenSubtitles]
14:41:00.552 [DEBUG] searchSubtitles: English - English [OpenSubtitles]
14:41:00.564 [DEBUG] searchSubtitles: English - English [OpenSubtitles]
14:41:00.573 [DEBUG] searchSubtitles: English - English [OpenSubtitles]
14:41:00.584 [DEBUG] searchSubtitles: English - English [OpenSubtitles]
14:41:00.596 [DEBUG] searchSubtitles: English - English [OpenSubtitles]
14:41:00.601 [INFO] searchSubtitles: Found 10 results for ratingKey 17001
